d:\studia\semestr_6\mhe\mhe_s19771\debug\vc142.pdb
d:\studia\semestr_6\mhe\mhe_s19771\debug\vc142.idb
d:\studia\semestr_6\mhe\mhe_s19771\debug\threepartprob.obj
d:\studia\semestr_6\mhe\mhe_s19771\debug\tabu.obj
d:\studia\semestr_6\mhe\mhe_s19771\debug\hillclimbing.obj
d:\studia\semestr_6\mhe\mhe_s19771\debug\hillclimb.obj
d:\studia\semestr_6\mhe\mhe_s19771\debug\anealling.obj
d:\studia\semestr_6\mhe\mhe_s19771\debug\main.obj
d:\studia\semestr_6\mhe\mhe_s19771\debug\mhe_s19771.exe
d:\studia\semestr_6\mhe\mhe_s19771\debug\mhe_s19771.ilk
d:\studia\semestr_6\mhe\mhe_s19771\debug\mhe_s19771.pdb
d:\studia\semestr_6\mhe\mhe_s19771\debug\ga.obj
d:\studia\semestr_6\mhe\mhe_s19771\debug\genetic.obj
d:\studia\semestr_6\mhe\mhe_s19771\debug\mhe_s19771.obj
d:\studia\semestr_6\mhe\mhe_s19771\debug\mhe_s19771.obj.enc
d:\studia\semestr_6\mhe\mhe_s19771\debug\tabu.obj.enc
d:\studia\semestr_6\mhe\mhe_s19771\debug\mhe_s19771.tlog\cl.command.1.tlog
d:\studia\semestr_6\mhe\mhe_s19771\debug\mhe_s19771.tlog\cl.read.1.tlog
d:\studia\semestr_6\mhe\mhe_s19771\debug\mhe_s19771.tlog\cl.write.1.tlog
d:\studia\semestr_6\mhe\mhe_s19771\debug\mhe_s19771.tlog\link.command.1.tlog
d:\studia\semestr_6\mhe\mhe_s19771\debug\mhe_s19771.tlog\link.read.1.tlog
d:\studia\semestr_6\mhe\mhe_s19771\debug\mhe_s19771.tlog\link.write.1.tlog
